# JRE version: Java(TM) SE Runtime Environment (8.0_60-b27) (build 1.8.0_60-b27)
# Java VM: Java HotSpot(TM) 64-Bit Server VM (25.60-b23 mixed mode windows-amd64 compressed oops)
Heap:
 PSYoungGen      total 228352K, used 56839K [0x00000000eab00000, 0x00000000fd280000, 0x0000000100000000)
  eden space 215552K, 26% used [0x00000000eab00000,0x00000000ee281dd0,0x00000000f7d80000)
  from space 12800K, 0% used [0x00000000f7d80000,0x00000000f7d80000,0x00000000f8a00000)
  to   space 43520K, 0% used [0x00000000fa800000,0x00000000fa800000,0x00000000fd280000)
 ParOldGen       total 95232K, used 82467K [0x00000000c0000000, 0x00000000c5d00000, 0x00000000eab00000)
  object space 95232K, 86% used [0x00000000c0000000,0x00000000c5088c28,0x00000000c5d00000)
 Metaspace       used 88981K, capacity 92882K, committed 93312K, reserved 1128448K
  class space    used 12594K, capacity 13861K, committed 13952K, reserved 1048576K
GC Heap History (10 events):
Event: 4617.429 GC heap before
{Heap before GC invocations=27 (full 6):
 PSYoungGen      total 262144K, used 105796K [0x00000000eab00000, 0x00000000ff080000, 0x0000000100000000)
  eden space 224256K, 30% used [0x00000000eab00000,0x00000000eed52808,0x00000000f8600000)
  from space 37888K, 99% used [0x00000000fcb80000,0x00000000ff07e8c0,0x00000000ff080000)
  to   space 44032K, 0% used [0x00000000f9a80000,0x00000000f9a80000,0x00000000fc580000)
 ParOldGen       total 95232K, used 55418K [0x00000000c0000000, 0x00000000c5d00000, 0x00000000eab00000)
  object space 95232K, 58% used [0x00000000c0000000,0x00000000c361eb50,0x00000000c5d00000)
 Metaspace       used 79610K, capacity 82628K, committed 86528K, reserved 1122304K
  class space    used 11208K, capacity 12128K, committed 13056K, reserved 1048576K
Event: 4617.454 GC heap after
Heap after GC invocations=27 (full 6):
 PSYoungGen      total 254976K, used 30483K [0x00000000eab00000, 0x00000000fdf00000, 0x0000000100000000)
  eden space 224256K, 0% used [0x00000000eab00000,0x00000000eab00000,0x00000000f8600000)
  from space 30720K, 99% used [0x00000000f9a80000,0x00000000fb844d40,0x00000000fb880000)
  to   space 39424K, 0% used [0x00000000fb880000,0x00000000fb880000,0x00000000fdf00000)
 ParOldGen       total 95232K, used 55418K [0x00000000c0000000, 0x00000000c5d00000, 0x00000000eab00000)
  object space 95232K, 58% used [0x00000000c0000000,0x00000000c361eb50,0x00000000c5d00000)
 Metaspace       used 79610K, capacity 82628K, committed 86528K, reserved 1122304K
  class space    used 11208K, capacity 12128K, committed 13056K, reserved 1048576K
}
Event: 4617.455 GC heap before
{Heap before GC invocations=28 (full 7):
 PSYoungGen      total 254976K, used 30483K [0x00000000eab00000, 0x00000000fdf00000, 0x0000000100000000)
  eden space 224256K, 0% used [0x00000000eab00000,0x00000000eab00000,0x00000000f8600000)
  from space 30720K, 99% used [0x00000000f9a80000,0x00000000fb844d40,0x00000000fb880000)
  to   space 39424K, 0% used [0x00000000fb880000,0x00000000fb880000,0x00000000fdf00000)
 ParOldGen       total 95232K, used 55418K [0x00000000c0000000, 0x00000000c5d00000, 0x00000000eab00000)
  object space 95232K, 58% used [0x00000000c0000000,0x00000000c361eb50,0x00000000c5d00000)
 Metaspace       used 79610K, capacity 82628K, committed 86528K, reserved 1122304K
  class space    used 11208K, capacity 12128K, committed 13056K, reserved 1048576K
Event: 4617.737 GC heap after
Heap after GC invocations=28 (full 7):
 PSYoungGen      total 254976K, used 0K [0x00000000eab00000, 0x00000000fdf00000, 0x0000000100000000)
  eden space 224256K, 0% used [0x00000000eab00000,0x00000000eab00000,0x00000000f8600000)
  from space 30720K, 0% used [0x00000000f9a80000,0x00000000f9a80000,0x00000000fb880000)
  to   space 39424K, 0% used [0x00000000fb880000,0x00000000fb880000,0x00000000fdf00000)
 ParOldGen       total 95232K, used 70945K [0x00000000c0000000, 0x00000000c5d00000, 0x00000000eab00000)
  object space 95232K, 74% used [0x00000000c0000000,0x00000000c4548708,0x00000000c5d00000)
 Metaspace       used 79575K, capacity 82514K, committed 86528K, reserved 1122304K
  class space    used 11201K, capacity 12094K, committed 13056K, reserved 1048576K
}
Event: 4824.688 GC heap before
{Heap before GC invocations=29 (full 7):
 PSYoungGen      total 254976K, used 224256K [0x00000000eab00000, 0x00000000fdf00000, 0x0000000100000000)
  eden space 224256K, 100% used [0x00000000eab00000,0x00000000f8600000,0x00000000f8600000)
  from space 30720K, 0% used [0x00000000f9a80000,0x00000000f9a80000,0x00000000fb880000)
  to   space 39424K, 0% used [0x00000000fb880000,0x00000000fb880000,0x00000000fdf00000)
 ParOldGen       total 95232K, used 70945K [0x00000000c0000000, 0x00000000c5d00000, 0x00000000eab00000)
  object space 95232K, 74% used [0x00000000c0000000,0x00000000c4548708,0x00000000c5d00000)
 Metaspace       used 86242K, capacity 89882K, committed 90240K, reserved 1126400K
  class space    used 12222K, capacity 13349K, committed 13440K, reserved 1048576K
Event: 4824.710 GC heap after
Heap after GC invocations=29 (full 7):
 PSYoungGen      total 243200K, used 23908K [0x00000000eab00000, 0x00000000fd380000, 0x0000000100000000)
  eden space 215552K, 0% used [0x00000000eab00000,0x00000000eab00000,0x00000000f7d80000)
  from space 27648K, 86% used [0x00000000fb880000,0x00000000fcfd91f8,0x00000000fd380000)
  to   space 44032K, 0% used [0x00000000f7d80000,0x00000000f7d80000,0x00000000fa880000)
 ParOldGen       total 95232K, used 70953K [0x00000000c0000000, 0x00000000c5d00000, 0x00000000eab00000)
  object space 95232K, 74% used [0x00000000c0000000,0x00000000c454a708,0x00000000c5d00000)
 Metaspace       used 86242K, capacity 89882K, committed 90240K, reserved 1126400K
  class space    used 12222K, capacity 13349K, committed 13440K, reserved 1048576K
}
Event: 4825.375 GC heap before
{Heap before GC invocations=30 (full 7):
 PSYoungGen      total 243200K, used 33800K [0x00000000eab00000, 0x00000000fd380000, 0x0000000100000000)
  eden space 215552K, 4% used [0x00000000eab00000,0x00000000eb4a8ef0,0x00000000f7d80000)
  from space 27648K, 86% used [0x00000000fb880000,0x00000000fcfd91f8,0x00000000fd380000)
  to   space 44032K, 0% used [0x00000000f7d80000,0x00000000f7d80000,0x00000000fa880000)
 ParOldGen       total 95232K, used 70953K [0x00000000c0000000, 0x00000000c5d00000, 0x00000000eab00000)
  object space 95232K, 74% used [0x00000000c0000000,0x00000000c454a708,0x00000000c5d00000)
 Metaspace       used 86267K, capacity 89906K, committed 90240K, reserved 1126400K
  class space    used 12225K, capacity 13353K, committed 13440K, reserved 1048576K
Event: 4825.388 GC heap after
Heap after GC invocations=30 (full 7):
 PSYoungGen      total 228352K, used 12560K [0x00000000eab00000, 0x00000000fd280000, 0x0000000100000000)
  eden space 215552K, 0% used [0x00000000eab00000,0x00000000eab00000,0x00000000f7d80000)
  from space 12800K, 98% used [0x00000000f7d80000,0x00000000f89c4278,0x00000000f8a00000)
  to   space 43520K, 0% used [0x00000000fa800000,0x00000000fa800000,0x00000000fd280000)
 ParOldGen       total 95232K, used 70961K [0x00000000c0000000, 0x00000000c5d00000, 0x00000000eab00000)
  object space 95232K, 74% used [0x00000000c0000000,0x00000000c454c708,0x00000000c5d00000)
 Metaspace       used 86267K, capacity 89906K, committed 90240K, reserved 1126400K
  class space    used 12225K, capacity 13353K, committed 13440K, reserved 1048576K
}
Event: 4825.388 GC heap before
{Heap before GC invocations=31 (full 8):
 PSYoungGen      total 228352K, used 12560K [0x00000000eab00000, 0x00000000fd280000, 0x0000000100000000)
  eden space 215552K, 0% used [0x00000000eab00000,0x00000000eab00000,0x00000000f7d80000)
  from space 12800K, 98% used [0x00000000f7d80000,0x00000000f89c4278,0x00000000f8a00000)
  to   space 43520K, 0% used [0x00000000fa800000,0x00000000fa800000,0x00000000fd280000)
 ParOldGen       total 95232K, used 70961K [0x00000000c0000000, 0x00000000c5d00000, 0x00000000eab00000)
  object space 95232K, 74% used [0x00000000c0000000,0x00000000c454c708,0x00000000c5d00000)
 Metaspace       used 86267K, capacity 89906K, committed 90240K, reserved 1126400K
  class space    used 12225K, capacity 13353K, committed 13440K, reserved 1048576K
Event: 4825.713 GC heap after
Heap after GC invocations=31 (full 8):
 PSYoungGen      total 228352K, used 0K [0x00000000eab00000, 0x00000000fd280000, 0x0000000100000000)
  eden space 215552K, 0% used [0x00000000eab00000,0x00000000eab00000,0x00000000f7d80000)
  from space 12800K, 0% used [0x00000000f7d80000,0x00000000f7d80000,0x00000000f8a00000)
  to   space 43520K, 0% used [0x00000000fa800000,0x00000000fa800000,0x00000000fd280000)
 ParOldGen       total 95232K, used 82467K [0x00000000c0000000, 0x00000000c5d00000, 0x00000000eab00000)
  object space 95232K, 86% used [0x00000000c0000000,0x00000000c5088c28,0x00000000c5d00000)
 Metaspace       used 86267K, capacity 89906K, committed 90240K, reserved 1126400K
  class space    used 12225K, capacity 13353K, committed 13440K, reserved 1048576K
}

